<?xml version="1.0" encoding="UTF-8"?>
<!-- Generated by org.testng.reporters.JUnitReportReporter -->
<testsuite hostname="GGNS1LTE01105" failures="0" tests="1" name="TroubleShoot.LoginTestcase" time="4.334" errors="0" timestamp="2023-07-27T10:50:00 IST" skipped="0">
  <testcase classname="TroubleShoot.LoginTestcase" name="Login" time="4.334"/>
</testsuite> <!-- TroubleShoot.LoginTestcase -->
