<?xml version="1.0" encoding="UTF-8"?>
<!-- Generated by org.testng.reporters.JUnitReportReporter -->
<testsuite hostname="GGNS1LTE01105" failures="0" tests="1" name="TroubleShoot.lok8Testcase" time="4.994" errors="0" timestamp="2023-08-02T14:28:45 IST" skipped="0">
  <testcase classname="TroubleShoot.lok8Testcase" name="Login" time="4.994"/>
</testsuite> <!-- TroubleShoot.lok8Testcase -->
