<?xml version="1.0" encoding="UTF-8"?>
<!-- Generated by org.testng.reporters.JUnitReportReporter -->
<testsuite hostname="GGNS1LTE01105" failures="0" tests="1" name="LocationServices.Health.HealthReaderTestCases" time="0.902" errors="0" timestamp="2023-08-08T15:35:50 IST" skipped="0">
  <testcase classname="LocationServices.Health.HealthReaderTestCases" name="ReaderHealthValidation" time="0.902"/>
  <system-out/>
</testsuite> <!-- LocationServices.Health.HealthReaderTestCases -->
