<?xml version="1.0" encoding="UTF-8"?>
<!-- Generated by org.testng.reporters.JUnitReportReporter -->
<testsuite hostname="GGNS1LTE01105" failures="0" tests="1" name="BaseTest.session" time="3.260" errors="0" timestamp="2023-08-08T15:35:50 IST" skipped="0">
  <testcase classname="BaseTest.session" name="doLogin" time="3.260"/>
  <system-out/>
</testsuite> <!-- BaseTest.session -->
